2026-07-04 00:54:09,382 - aqt.main - ERROR - installer 9992 Invalid version: '6.7'! Please use the form '5.X.Y'.
2026-07-04 00:54:12,561 - aqt.helper - DEBUG - helper 25820 Attempt to download checksum at https://download.qt.io/online/qtsdkrepository/windows_x86/desktop/qt6_670/Updates.xml.sha256
2026-07-04 00:54:24,402 - aqt.main - INFO - installer 21068 aqtinstall(aqt) v3.3.0 on Python 3.12.5 [CPython MSC v.1940 64 bit (AMD64)]
2026-07-04 00:54:24,402 - aqt.helper - DEBUG - helper 21068 Attempt to download checksum at https://download.qt.io/online/qtsdkrepository/windows_x86/desktop/qt6_670/Updates.xml.sha256
2026-07-04 00:54:29,229 - aqt.helper - DEBUG - helper 26408 Attempt to download checksum at https://download.qt.io/online/qtsdkrepository/windows_x86/desktop/qt6_670/qt.qt6.670.win64_msvc2019_64/6.7.0-0-202403252230qtbase-Windows-Windows_10_22H2-MSVC2019-Windows-Windows_10_22H2-X86_64.7z.sha256
2026-07-04 00:54:29,231 - aqt.helper - DEBUG - helper 14952 Attempt to download checksum at https://download.qt.io/online/qtsdkrepository/windows_x86/desktop/qt6_670/qt.qt6.670.win64_msvc2019_64/6.7.0-0-202403252230qtdeclarative-Windows-Windows_10_22H2-MSVC2019-Windows-Windows_10_22H2-X86_64.7z.sha256
2026-07-04 00:54:29,255 - aqt.helper - DEBUG - helper 25820 Attempt to download checksum at https://download.qt.io/online/qtsdkrepository/windows_x86/desktop/qt6_670/qt.qt6.670.win64_msvc2019_64/6.7.0-0-202403252230qttools-Windows-Windows_10_22H2-MSVC2019-Windows-Windows_10_22H2-X86_64.7z.sha256
2026-07-04 00:54:31,047 - aqt.helper - INFO - helper 14952 Downloading qtdeclarative...
2026-07-04 00:54:31,047 - aqt.installer - DEBUG - installer 14952 Download URL: https://download.qt.io/online/qtsdkrepository/windows_x86/desktop/qt6_670/qt.qt6.670.win64_msvc2019_64/6.7.0-0-202403252230qtdeclarative-Windows-Windows_10_22H2-MSVC2019-Windows-Windows_10_22H2-X86_64.7z
2026-07-04 00:54:31,103 - aqt.helper - INFO - helper 15688 Downloading qtsvg...
2026-07-04 00:54:31,103 - aqt.installer - DEBUG - installer 15688 Download URL: https://download.qt.io/online/qtsdkrepository/windows_x86/desktop/qt6_670/qt.qt6.670.win64_msvc2019_64/6.7.0-0-202403252230qtsvg-Windows-Windows_10_22H2-MSVC2019-Windows-Windows_10_22H2-X86_64.7z
2026-07-04 00:54:31,139 - aqt.helper - INFO - helper 26408 Downloading qtbase...
2026-07-04 00:54:31,139 - aqt.installer - DEBUG - installer 26408 Download URL: https://download.qt.io/online/qtsdkrepository/windows_x86/desktop/qt6_670/qt.qt6.670.win64_msvc2019_64/6.7.0-0-202403252230qtbase-Windows-Windows_10_22H2-MSVC2019-Windows-Windows_10_22H2-X86_64.7z
2026-07-04 00:54:31,296 - aqt.helper - INFO - helper 25820 Downloading qttools...
2026-07-04 00:54:31,296 - aqt.installer - DEBUG - installer 25820 Download URL: https://download.qt.io/online/qtsdkrepository/windows_x86/desktop/qt6_670/qt.qt6.670.win64_msvc2019_64/6.7.0-0-202403252230qttools-Windows-Windows_10_22H2-MSVC2019-Windows-Windows_10_22H2-X86_64.7z
2026-07-04 00:54:32,722 - aqt.helper - DEBUG - helper 14952 Asked to redirect(302) to: https://qt.mirror.constant.com/online/qtsdkrepository/windows_x86/desktop/qt6_670/qt.qt6.670.win64_msvc2019_64/6.7.0-0-202403252230qtdeclarative-Windows-Windows_10_22H2-MSVC2019-Windows-Windows_10_22H2-X86_64.7z
2026-07-04 00:54:32,722 - aqt.helper - INFO - helper 14952 Redirected: qt.mirror.constant.com
2026-07-04 00:54:37,896 - aqt.helper - DEBUG - helper 26408 Asked to redirect(302) to: https://qt.mirror.constant.com/online/qtsdkrepository/windows_x86/desktop/qt6_670/qt.qt6.670.win64_msvc2019_64/6.7.0-0-202403252230qtbase-Windows-Windows_10_22H2-MSVC2019-Windows-Windows_10_22H2-X86_64.7z
2026-07-04 00:54:37,897 - aqt.helper - INFO - helper 26408 Redirected: qt.mirror.constant.com
2026-07-04 00:54:37,898 - aqt.helper - DEBUG - helper 15688 Asked to redirect(302) to: https://qt.mirror.constant.com/online/qtsdkrepository/windows_x86/desktop/qt6_670/qt.qt6.670.win64_msvc2019_64/6.7.0-0-202403252230qtsvg-Windows-Windows_10_22H2-MSVC2019-Windows-Windows_10_22H2-X86_64.7z
2026-07-04 00:54:37,898 - aqt.helper - INFO - helper 15688 Redirected: qt.mirror.constant.com
2026-07-04 00:54:38,225 - aqt.helper - DEBUG - helper 25820 Asked to redirect(302) to: https://qt.mirror.constant.com/online/qtsdkrepository/windows_x86/desktop/qt6_670/qt.qt6.670.win64_msvc2019_64/6.7.0-0-202403252230qttools-Windows-Windows_10_22H2-MSVC2019-Windows-Windows_10_22H2-X86_64.7z
2026-07-04 00:54:38,225 - aqt.helper - INFO - helper 25820 Redirected: qt.mirror.constant.com
2026-07-04 00:54:40,577 - aqt.installer - INFO - installer 15688 Finished installation of qtsvg-Windows-Windows_10_22H2-MSVC2019-Windows-Windows_10_22H2-X86_64.7z in 11.35134640
2026-07-04 00:54:40,591 - aqt.helper - DEBUG - helper 15688 Attempt to download checksum at https://download.qt.io/online/qtsdkrepository/windows_x86/desktop/qt6_670/qt.qt6.670.win64_msvc2019_64/6.7.0-0-202403252230qttranslations-Windows-Windows_10_22H2-MSVC2019-Windows-Windows_10_22H2-X86_64.7z.sha256
2026-07-04 00:54:42,643 - aqt.helper - INFO - helper 15688 Downloading qttranslations...
2026-07-04 00:54:42,643 - aqt.installer - DEBUG - installer 15688 Download URL: https://download.qt.io/online/qtsdkrepository/windows_x86/desktop/qt6_670/qt.qt6.670.win64_msvc2019_64/6.7.0-0-202403252230qttranslations-Windows-Windows_10_22H2-MSVC2019-Windows-Windows_10_22H2-X86_64.7z
2026-07-04 00:54:45,340 - aqt.helper - DEBUG - helper 15688 Asked to redirect(302) to: https://qt.mirror.constant.com/online/qtsdkrepository/windows_x86/desktop/qt6_670/qt.qt6.670.win64_msvc2019_64/6.7.0-0-202403252230qttranslations-Windows-Windows_10_22H2-MSVC2019-Windows-Windows_10_22H2-X86_64.7z
2026-07-04 00:54:45,340 - aqt.helper - INFO - helper 15688 Redirected: qt.mirror.constant.com
2026-07-04 00:54:51,408 - aqt.installer - INFO - installer 15688 Finished installation of qttranslations-Windows-Windows_10_22H2-MSVC2019-Windows-Windows_10_22H2-X86_64.7z in 10.81832690
2026-07-04 00:54:51,422 - aqt.helper - DEBUG - helper 15688 Attempt to download checksum at https://download.qt.io/online/qtsdkrepository/windows_x86/desktop/qt6_670/qt.qt6.670.win64_msvc2019_64/6.7.0-0-202403252230d3dcompiler_47-x64.7z.sha256
2026-07-04 00:54:53,139 - aqt.helper - INFO - helper 15688 Downloading d3dcompiler_47...
2026-07-04 00:54:53,139 - aqt.installer - DEBUG - installer 15688 Download URL: https://download.qt.io/online/qtsdkrepository/windows_x86/desktop/qt6_670/qt.qt6.670.win64_msvc2019_64/6.7.0-0-202403252230d3dcompiler_47-x64.7z
2026-07-04 00:54:53,400 - aqt.installer - INFO - installer 25820 Finished installation of qttools-Windows-Windows_10_22H2-MSVC2019-Windows-Windows_10_22H2-X86_64.7z in 24.14777580
2026-07-04 00:54:53,416 - aqt.helper - DEBUG - helper 25820 Attempt to download checksum at https://download.qt.io/online/qtsdkrepository/windows_x86/desktop/qt6_670/qt.qt6.670.win64_msvc2019_64/6.7.0-0-202403252230opengl32sw-64-mesa_11_2_2-signed_sha256.7z.sha256
2026-07-04 00:54:55,110 - aqt.helper - DEBUG - helper 15688 Asked to redirect(302) to: https://qt.mirror.constant.com/online/qtsdkrepository/windows_x86/desktop/qt6_670/qt.qt6.670.win64_msvc2019_64/6.7.0-0-202403252230d3dcompiler_47-x64.7z
2026-07-04 00:54:55,110 - aqt.helper - INFO - helper 15688 Redirected: qt.mirror.constant.com
2026-07-04 00:54:55,496 - aqt.helper - INFO - helper 25820 Downloading opengl32sw...
2026-07-04 00:54:55,496 - aqt.installer - DEBUG - installer 25820 Download URL: https://download.qt.io/online/qtsdkrepository/windows_x86/desktop/qt6_670/qt.qt6.670.win64_msvc2019_64/6.7.0-0-202403252230opengl32sw-64-mesa_11_2_2-signed_sha256.7z
2026-07-04 00:54:57,450 - aqt.helper - DEBUG - helper 25820 Asked to redirect(302) to: https://qt.mirror.constant.com/online/qtsdkrepository/windows_x86/desktop/qt6_670/qt.qt6.670.win64_msvc2019_64/6.7.0-0-202403252230opengl32sw-64-mesa_11_2_2-signed_sha256.7z
2026-07-04 00:54:57,450 - aqt.helper - INFO - helper 25820 Redirected: qt.mirror.constant.com
2026-07-04 00:54:58,469 - aqt.installer - INFO - installer 15688 Finished installation of d3dcompiler_47-x64.7z in 7.04888880
2026-07-04 00:55:04,286 - aqt.installer - INFO - installer 25820 Finished installation of opengl32sw-64-mesa_11_2_2-signed_sha256.7z in 10.87163740
2026-07-04 00:55:17,540 - aqt.installer - INFO - installer 26408 Finished installation of qtbase-Windows-Windows_10_22H2-MSVC2019-Windows-Windows_10_22H2-X86_64.7z in 48.31281400
2026-07-04 00:55:40,939 - aqt.main - INFO - installer 26104 aqtinstall(aqt) v3.3.0 on Python 3.12.5 [CPython MSC v.1940 64 bit (AMD64)]
2026-07-04 00:55:40,940 - aqt.helper - DEBUG - helper 26104 Attempt to download checksum at https://download.qt.io/online/qtsdkrepository/windows_x86/desktop/qt6_670/Updates.xml.sha256
2026-07-04 00:55:46,235 - aqt.helper - DEBUG - helper 26540 Attempt to download checksum at https://download.qt.io/online/qtsdkrepository/windows_x86/desktop/qt6_670/qt.qt6.670.win64_msvc2019_64/6.7.0-0-202403252230qtbase-Windows-Windows_10_22H2-MSVC2019-Windows-Windows_10_22H2-X86_64.7z.sha256
2026-07-04 00:55:46,237 - aqt.helper - DEBUG - helper 20036 Attempt to download checksum at https://download.qt.io/online/qtsdkrepository/windows_x86/desktop/qt6_670/qt.qt6.670.win64_msvc2019_64/6.7.0-0-202403252230qtdeclarative-Windows-Windows_10_22H2-MSVC2019-Windows-Windows_10_22H2-X86_64.7z.sha256
2026-07-04 00:55:46,258 - aqt.helper - DEBUG - helper 3380 Attempt to download checksum at https://download.qt.io/online/qtsdkrepository/windows_x86/desktop/qt6_670/qt.qt6.670.win64_msvc2019_64/6.7.0-0-202403252230qttools-Windows-Windows_10_22H2-MSVC2019-Windows-Windows_10_22H2-X86_64.7z.sha256
2026-07-04 00:55:48,024 - aqt.helper - INFO - helper 26540 Downloading qtbase...
2026-07-04 00:55:48,024 - aqt.installer - DEBUG - installer 26540 Download URL: https://download.qt.io/online/qtsdkrepository/windows_x86/desktop/qt6_670/qt.qt6.670.win64_msvc2019_64/6.7.0-0-202403252230qtbase-Windows-Windows_10_22H2-MSVC2019-Windows-Windows_10_22H2-X86_64.7z
2026-07-04 00:55:48,119 - aqt.helper - INFO - helper 20036 Downloading qtdeclarative...
2026-07-04 00:55:48,119 - aqt.installer - DEBUG - installer 20036 Download URL: https://download.qt.io/online/qtsdkrepository/windows_x86/desktop/qt6_670/qt.qt6.670.win64_msvc2019_64/6.7.0-0-202403252230qtdeclarative-Windows-Windows_10_22H2-MSVC2019-Windows-Windows_10_22H2-X86_64.7z
2026-07-04 00:55:48,129 - aqt.helper - INFO - helper 3380 Downloading qttools...
2026-07-04 00:55:48,129 - aqt.installer - DEBUG - installer 3380 Download URL: https://download.qt.io/online/qtsdkrepository/windows_x86/desktop/qt6_670/qt.qt6.670.win64_msvc2019_64/6.7.0-0-202403252230qttools-Windows-Windows_10_22H2-MSVC2019-Windows-Windows_10_22H2-X86_64.7z
2026-07-04 00:55:48,539 - aqt.helper - INFO - helper 2732 Downloading qtsvg...
2026-07-04 00:55:48,539 - aqt.installer - DEBUG - installer 2732 Download URL: https://download.qt.io/online/qtsdkrepository/windows_x86/desktop/qt6_670/qt.qt6.670.win64_msvc2019_64/6.7.0-0-202403252230qtsvg-Windows-Windows_10_22H2-MSVC2019-Windows-Windows_10_22H2-X86_64.7z
2026-07-04 00:55:49,776 - aqt.helper - DEBUG - helper 26540 Asked to redirect(302) to: https://qt.mirror.constant.com/online/qtsdkrepository/windows_x86/desktop/qt6_670/qt.qt6.670.win64_msvc2019_64/6.7.0-0-202403252230qtbase-Windows-Windows_10_22H2-MSVC2019-Windows-Windows_10_22H2-X86_64.7z
2026-07-04 00:55:49,776 - aqt.helper - INFO - helper 26540 Redirected: qt.mirror.constant.com
2026-07-04 00:55:49,940 - aqt.helper - DEBUG - helper 3380 Asked to redirect(302) to: https://qt.mirror.constant.com/online/qtsdkrepository/windows_x86/desktop/qt6_670/qt.qt6.670.win64_msvc2019_64/6.7.0-0-202403252230qttools-Windows-Windows_10_22H2-MSVC2019-Windows-Windows_10_22H2-X86_64.7z
2026-07-04 00:55:49,940 - aqt.helper - INFO - helper 3380 Redirected: qt.mirror.constant.com
2026-07-04 00:55:49,986 - aqt.helper - DEBUG - helper 20036 Asked to redirect(302) to: https://qt.mirror.constant.com/online/qtsdkrepository/windows_x86/desktop/qt6_670/qt.qt6.670.win64_msvc2019_64/6.7.0-0-202403252230qtdeclarative-Windows-Windows_10_22H2-MSVC2019-Windows-Windows_10_22H2-X86_64.7z
2026-07-04 00:55:49,986 - aqt.helper - INFO - helper 20036 Redirected: qt.mirror.constant.com
2026-07-04 00:55:50,371 - aqt.helper - DEBUG - helper 2732 Asked to redirect(302) to: https://qt.mirror.constant.com/online/qtsdkrepository/windows_x86/desktop/qt6_670/qt.qt6.670.win64_msvc2019_64/6.7.0-0-202403252230qtsvg-Windows-Windows_10_22H2-MSVC2019-Windows-Windows_10_22H2-X86_64.7z
2026-07-04 00:55:50,371 - aqt.helper - INFO - helper 2732 Redirected: qt.mirror.constant.com
2026-07-04 00:55:53,489 - aqt.installer - INFO - installer 2732 Finished installation of qtsvg-Windows-Windows_10_22H2-MSVC2019-Windows-Windows_10_22H2-X86_64.7z in 7.25634270
2026-07-04 00:55:53,499 - aqt.helper - DEBUG - helper 2732 Attempt to download checksum at https://download.qt.io/online/qtsdkrepository/windows_x86/desktop/qt6_670/qt.qt6.670.win64_msvc2019_64/6.7.0-0-202403252230qttranslations-Windows-Windows_10_22H2-MSVC2019-Windows-Windows_10_22H2-X86_64.7z.sha256
2026-07-04 00:55:57,046 - aqt.helper - INFO - helper 2732 Downloading qttranslations...
2026-07-04 00:55:57,046 - aqt.installer - DEBUG - installer 2732 Download URL: https://download.qt.io/online/qtsdkrepository/windows_x86/desktop/qt6_670/qt.qt6.670.win64_msvc2019_64/6.7.0-0-202403252230qttranslations-Windows-Windows_10_22H2-MSVC2019-Windows-Windows_10_22H2-X86_64.7z
2026-07-04 00:55:59,249 - aqt.helper - DEBUG - helper 2732 Asked to redirect(302) to: https://qt.mirror.constant.com/online/qtsdkrepository/windows_x86/desktop/qt6_670/qt.qt6.670.win64_msvc2019_64/6.7.0-0-202403252230qttranslations-Windows-Windows_10_22H2-MSVC2019-Windows-Windows_10_22H2-X86_64.7z
2026-07-04 00:55:59,249 - aqt.helper - INFO - helper 2732 Redirected: qt.mirror.constant.com
2026-07-04 00:56:04,880 - aqt.installer - INFO - installer 2732 Finished installation of qttranslations-Windows-Windows_10_22H2-MSVC2019-Windows-Windows_10_22H2-X86_64.7z in 11.38351030
2026-07-04 00:56:04,892 - aqt.helper - DEBUG - helper 2732 Attempt to download checksum at https://download.qt.io/online/qtsdkrepository/windows_x86/desktop/qt6_670/qt.qt6.670.win64_msvc2019_64/6.7.0-0-202403252230d3dcompiler_47-x64.7z.sha256
2026-07-04 00:56:07,430 - aqt.helper - INFO - helper 2732 Downloading d3dcompiler_47...
2026-07-04 00:56:07,431 - aqt.installer - DEBUG - installer 2732 Download URL: https://download.qt.io/online/qtsdkrepository/windows_x86/desktop/qt6_670/qt.qt6.670.win64_msvc2019_64/6.7.0-0-202403252230d3dcompiler_47-x64.7z
2026-07-04 00:56:09,814 - aqt.helper - DEBUG - helper 2732 Asked to redirect(302) to: https://qt.mirror.constant.com/online/qtsdkrepository/windows_x86/desktop/qt6_670/qt.qt6.670.win64_msvc2019_64/6.7.0-0-202403252230d3dcompiler_47-x64.7z
2026-07-04 00:56:09,814 - aqt.helper - INFO - helper 2732 Redirected: qt.mirror.constant.com
2026-07-04 00:56:19,502 - aqt.installer - INFO - installer 3380 Finished installation of qttools-Windows-Windows_10_22H2-MSVC2019-Windows-Windows_10_22H2-X86_64.7z in 33.24578660
2026-07-04 00:56:19,519 - aqt.helper - DEBUG - helper 3380 Attempt to download checksum at https://download.qt.io/online/qtsdkrepository/windows_x86/desktop/qt6_670/qt.qt6.670.win64_msvc2019_64/6.7.0-0-202403252230opengl32sw-64-mesa_11_2_2-signed_sha256.7z.sha256
2026-07-04 00:56:21,463 - aqt.helper - INFO - helper 3380 Downloading opengl32sw...
2026-07-04 00:56:21,463 - aqt.installer - DEBUG - installer 3380 Download URL: https://download.qt.io/online/qtsdkrepository/windows_x86/desktop/qt6_670/qt.qt6.670.win64_msvc2019_64/6.7.0-0-202403252230opengl32sw-64-mesa_11_2_2-signed_sha256.7z
2026-07-04 00:56:23,353 - aqt.helper - DEBUG - helper 3380 Asked to redirect(302) to: https://qt.mirror.constant.com/online/qtsdkrepository/windows_x86/desktop/qt6_670/qt.qt6.670.win64_msvc2019_64/6.7.0-0-202403252230opengl32sw-64-mesa_11_2_2-signed_sha256.7z
2026-07-04 00:56:23,353 - aqt.helper - INFO - helper 3380 Redirected: qt.mirror.constant.com
2026-07-04 00:56:28,277 - aqt.installer - INFO - installer 26540 Finished installation of qtbase-Windows-Windows_10_22H2-MSVC2019-Windows-Windows_10_22H2-X86_64.7z in 42.04493460
2026-07-04 00:56:31,032 - aqt.installer - INFO - installer 3380 Finished installation of opengl32sw-64-mesa_11_2_2-signed_sha256.7z in 11.51506110
2026-07-04 00:56:43,096 - aqt.helper - INFO - helper 2732 Downloading d3dcompiler_47: attempt #2...
2026-07-04 00:56:43,096 - aqt.installer - DEBUG - installer 2732 Download URL: https://download.qt.io/online/qtsdkrepository/windows_x86/desktop/qt6_670/qt.qt6.670.win64_msvc2019_64/6.7.0-0-202403252230d3dcompiler_47-x64.7z
2026-07-04 00:56:46,228 - aqt.helper - DEBUG - helper 2732 Asked to redirect(302) to: https://qt.mirror.constant.com/online/qtsdkrepository/windows_x86/desktop/qt6_670/qt.qt6.670.win64_msvc2019_64/6.7.0-0-202403252230d3dcompiler_47-x64.7z
2026-07-04 00:56:46,228 - aqt.helper - INFO - helper 2732 Redirected: qt.mirror.constant.com
2026-07-04 00:56:50,832 - aqt.helper - INFO - helper 2732 Success on attempt #2: Downloading d3dcompiler_47
2026-07-04 00:56:50,920 - aqt.installer - INFO - installer 2732 Finished installation of d3dcompiler_47-x64.7z in 46.03014460
2026-07-04 00:57:23,228 - aqt.installer - INFO - installer 20036 Finished installation of qtdeclarative-Windows-Windows_10_22H2-MSVC2019-Windows-Windows_10_22H2-X86_64.7z in 96.99230150
2026-07-04 00:57:23,538 - aqt.updater - INFO - updater 26104 Patching C:\Qt\6.7.0\msvc2019_64\bin\qmake.exe
2026-07-04 00:57:23,543 - aqt.updater - INFO - updater 26104 Patching C:\Qt\6.7.0\msvc2019_64\lib\Qt6Concurrent.prl
2026-07-04 00:57:23,544 - aqt.updater - INFO - updater 26104 Patching C:\Qt\6.7.0\msvc2019_64\lib\Qt6Concurrentd.prl
2026-07-04 00:57:23,544 - aqt.updater - INFO - updater 26104 Patching C:\Qt\6.7.0\msvc2019_64\lib\Qt6Core.prl
2026-07-04 00:57:23,545 - aqt.updater - INFO - updater 26104 Patching C:\Qt\6.7.0\msvc2019_64\lib\Qt6Cored.prl
2026-07-04 00:57:23,545 - aqt.updater - INFO - updater 26104 Patching C:\Qt\6.7.0\msvc2019_64\lib\Qt6DBus.prl
2026-07-04 00:57:23,546 - aqt.updater - INFO - updater 26104 Patching C:\Qt\6.7.0\msvc2019_64\lib\Qt6DBusd.prl
2026-07-04 00:57:23,546 - aqt.updater - INFO - updater 26104 Patching C:\Qt\6.7.0\msvc2019_64\lib\Qt6Designer.prl
2026-07-04 00:57:23,547 - aqt.updater - INFO - updater 26104 Patching C:\Qt\6.7.0\msvc2019_64\lib\Qt6DesignerComponents.prl
2026-07-04 00:57:23,547 - aqt.updater - INFO - updater 26104 Patching C:\Qt\6.7.0\msvc2019_64\lib\Qt6DesignerComponentsd.prl
2026-07-04 00:57:23,547 - aqt.updater - INFO - updater 26104 Patching C:\Qt\6.7.0\msvc2019_64\lib\Qt6Designerd.prl
2026-07-04 00:57:23,548 - aqt.updater - INFO - updater 26104 Patching C:\Qt\6.7.0\msvc2019_64\lib\Qt6DeviceDiscoverySupport.prl
2026-07-04 00:57:23,548 - aqt.updater - INFO - updater 26104 Patching C:\Qt\6.7.0\msvc2019_64\lib\Qt6DeviceDiscoverySupportd.prl
2026-07-04 00:57:23,548 - aqt.updater - INFO - updater 26104 Patching C:\Qt\6.7.0\msvc2019_64\lib\Qt6EntryPoint.prl
2026-07-04 00:57:23,549 - aqt.updater - INFO - updater 26104 Patching C:\Qt\6.7.0\msvc2019_64\lib\Qt6EntryPointd.prl
2026-07-04 00:57:23,549 - aqt.updater - INFO - updater 26104 Patching C:\Qt\6.7.0\msvc2019_64\lib\Qt6ExampleIcons.prl
2026-07-04 00:57:23,550 - aqt.updater - INFO - updater 26104 Patching C:\Qt\6.7.0\msvc2019_64\lib\Qt6ExampleIconsd.prl
2026-07-04 00:57:23,550 - aqt.updater - INFO - updater 26104 Patching C:\Qt\6.7.0\msvc2019_64\lib\Qt6FbSupport.prl
2026-07-04 00:57:23,550 - aqt.updater - INFO - updater 26104 Patching C:\Qt\6.7.0\msvc2019_64\lib\Qt6FbSupportd.prl
2026-07-04 00:57:23,551 - aqt.updater - INFO - updater 26104 Patching C:\Qt\6.7.0\msvc2019_64\lib\Qt6Gui.prl
2026-07-04 00:57:23,551 - aqt.updater - INFO - updater 26104 Patching C:\Qt\6.7.0\msvc2019_64\lib\Qt6Guid.prl
2026-07-04 00:57:23,552 - aqt.updater - INFO - updater 26104 Patching C:\Qt\6.7.0\msvc2019_64\lib\Qt6Help.prl
2026-07-04 00:57:23,552 - aqt.updater - INFO - updater 26104 Patching C:\Qt\6.7.0\msvc2019_64\lib\Qt6Helpd.prl
2026-07-04 00:57:23,552 - aqt.updater - INFO - updater 26104 Patching C:\Qt\6.7.0\msvc2019_64\lib\Qt6LabsAnimation.prl
2026-07-04 00:57:23,553 - aqt.updater - INFO - updater 26104 Patching C:\Qt\6.7.0\msvc2019_64\lib\Qt6LabsAnimationd.prl
2026-07-04 00:57:23,553 - aqt.updater - INFO - updater 26104 Patching C:\Qt\6.7.0\msvc2019_64\lib\Qt6LabsFolderListModel.prl
2026-07-04 00:57:23,554 - aqt.updater - INFO - updater 26104 Patching C:\Qt\6.7.0\msvc2019_64\lib\Qt6LabsFolderListModeld.prl
2026-07-04 00:57:23,554 - aqt.updater - INFO - updater 26104 Patching C:\Qt\6.7.0\msvc2019_64\lib\Qt6LabsQmlModels.prl
2026-07-04 00:57:23,555 - aqt.updater - INFO - updater 26104 Patching C:\Qt\6.7.0\msvc2019_64\lib\Qt6LabsQmlModelsd.prl
2026-07-04 00:57:23,555 - aqt.updater - INFO - updater 26104 Patching C:\Qt\6.7.0\msvc2019_64\lib\Qt6LabsSettings.prl
2026-07-04 00:57:23,555 - aqt.updater - INFO - updater 26104 Patching C:\Qt\6.7.0\msvc2019_64\lib\Qt6LabsSettingsd.prl
2026-07-04 00:57:23,556 - aqt.updater - INFO - updater 26104 Patching C:\Qt\6.7.0\msvc2019_64\lib\Qt6LabsSharedImage.prl
2026-07-04 00:57:23,556 - aqt.updater - INFO - updater 26104 Patching C:\Qt\6.7.0\msvc2019_64\lib\Qt6LabsSharedImaged.prl
2026-07-04 00:57:23,558 - aqt.updater - INFO - updater 26104 Patching C:\Qt\6.7.0\msvc2019_64\lib\Qt6LabsWavefrontMesh.prl
2026-07-04 00:57:23,558 - aqt.updater - INFO - updater 26104 Patching C:\Qt\6.7.0\msvc2019_64\lib\Qt6LabsWavefrontMeshd.prl
2026-07-04 00:57:23,558 - aqt.updater - INFO - updater 26104 Patching C:\Qt\6.7.0\msvc2019_64\lib\Qt6Network.prl
2026-07-04 00:57:23,559 - aqt.updater - INFO - updater 26104 Patching C:\Qt\6.7.0\msvc2019_64\lib\Qt6Networkd.prl
2026-07-04 00:57:23,559 - aqt.updater - INFO - updater 26104 Patching C:\Qt\6.7.0\msvc2019_64\lib\Qt6OpenGL.prl
2026-07-04 00:57:23,559 - aqt.updater - INFO - updater 26104 Patching C:\Qt\6.7.0\msvc2019_64\lib\Qt6OpenGLd.prl
2026-07-04 00:57:23,560 - aqt.updater - INFO - updater 26104 Patching C:\Qt\6.7.0\msvc2019_64\lib\Qt6OpenGLWidgets.prl
2026-07-04 00:57:23,560 - aqt.updater - INFO - updater 26104 Patching C:\Qt\6.7.0\msvc2019_64\lib\Qt6OpenGLWidgetsd.prl
2026-07-04 00:57:23,561 - aqt.updater - INFO - updater 26104 Patching C:\Qt\6.7.0\msvc2019_64\lib\Qt6PacketProtocol.prl
2026-07-04 00:57:23,561 - aqt.updater - INFO - updater 26104 Patching C:\Qt\6.7.0\msvc2019_64\lib\Qt6PacketProtocold.prl
2026-07-04 00:57:23,561 - aqt.updater - INFO - updater 26104 Patching C:\Qt\6.7.0\msvc2019_64\lib\Qt6PrintSupport.prl
2026-07-04 00:57:23,562 - aqt.updater - INFO - updater 26104 Patching C:\Qt\6.7.0\msvc2019_64\lib\Qt6PrintSupportd.prl
2026-07-04 00:57:23,562 - aqt.updater - INFO - updater 26104 Patching C:\Qt\6.7.0\msvc2019_64\lib\Qt6Qml.prl
2026-07-04 00:57:23,562 - aqt.updater - INFO - updater 26104 Patching C:\Qt\6.7.0\msvc2019_64\lib\Qt6QmlBuiltins.prl
2026-07-04 00:57:23,563 - aqt.updater - INFO - updater 26104 Patching C:\Qt\6.7.0\msvc2019_64\lib\Qt6QmlBuiltinsd.prl
2026-07-04 00:57:23,563 - aqt.updater - INFO - updater 26104 Patching C:\Qt\6.7.0\msvc2019_64\lib\Qt6QmlCompiler.prl
2026-07-04 00:57:23,563 - aqt.updater - INFO - updater 26104 Patching C:\Qt\6.7.0\msvc2019_64\lib\Qt6QmlCompilerd.prl
2026-07-04 00:57:23,564 - aqt.updater - INFO - updater 26104 Patching C:\Qt\6.7.0\msvc2019_64\lib\Qt6QmlCore.prl
2026-07-04 00:57:23,564 - aqt.updater - INFO - updater 26104 Patching C:\Qt\6.7.0\msvc2019_64\lib\Qt6QmlCored.prl
2026-07-04 00:57:23,564 - aqt.updater - INFO - updater 26104 Patching C:\Qt\6.7.0\msvc2019_64\lib\Qt6Qmld.prl
2026-07-04 00:57:23,565 - aqt.updater - INFO - updater 26104 Patching C:\Qt\6.7.0\msvc2019_64\lib\Qt6QmlDebug.prl
2026-07-04 00:57:23,565 - aqt.updater - INFO - updater 26104 Patching C:\Qt\6.7.0\msvc2019_64\lib\Qt6QmlDebugd.prl
2026-07-04 00:57:23,565 - aqt.updater - INFO - updater 26104 Patching C:\Qt\6.7.0\msvc2019_64\lib\Qt6QmlDom.prl
2026-07-04 00:57:23,567 - aqt.updater - INFO - updater 26104 Patching C:\Qt\6.7.0\msvc2019_64\lib\Qt6QmlDomd.prl
2026-07-04 00:57:23,567 - aqt.updater - INFO - updater 26104 Patching C:\Qt\6.7.0\msvc2019_64\lib\Qt6QmlLocalStorage.prl
2026-07-04 00:57:23,568 - aqt.updater - INFO - updater 26104 Patching C:\Qt\6.7.0\msvc2019_64\lib\Qt6QmlLocalStoraged.prl
2026-07-04 00:57:23,568 - aqt.updater - INFO - updater 26104 Patching C:\Qt\6.7.0\msvc2019_64\lib\Qt6QmlLS.prl
2026-07-04 00:57:23,568 - aqt.updater - INFO - updater 26104 Patching C:\Qt\6.7.0\msvc2019_64\lib\Qt6QmlLSd.prl
2026-07-04 00:57:23,569 - aqt.updater - INFO - updater 26104 Patching C:\Qt\6.7.0\msvc2019_64\lib\Qt6QmlModels.prl
2026-07-04 00:57:23,569 - aqt.updater - INFO - updater 26104 Patching C:\Qt\6.7.0\msvc2019_64\lib\Qt6QmlModelsd.prl
2026-07-04 00:57:23,569 - aqt.updater - INFO - updater 26104 Patching C:\Qt\6.7.0\msvc2019_64\lib\Qt6QmlNetwork.prl
2026-07-04 00:57:23,570 - aqt.updater - INFO - updater 26104 Patching C:\Qt\6.7.0\msvc2019_64\lib\Qt6QmlNetworkd.prl
2026-07-04 00:57:23,570 - aqt.updater - INFO - updater 26104 Patching C:\Qt\6.7.0\msvc2019_64\lib\Qt6QmlToolingSettings.prl
2026-07-04 00:57:23,570 - aqt.updater - INFO - updater 26104 Patching C:\Qt\6.7.0\msvc2019_64\lib\Qt6QmlToolingSettingsd.prl
2026-07-04 00:57:23,571 - aqt.updater - INFO - updater 26104 Patching C:\Qt\6.7.0\msvc2019_64\lib\Qt6QmlTypeRegistrar.prl
2026-07-04 00:57:23,571 - aqt.updater - INFO - updater 26104 Patching C:\Qt\6.7.0\msvc2019_64\lib\Qt6QmlTypeRegistrard.prl
2026-07-04 00:57:23,572 - aqt.updater - INFO - updater 26104 Patching C:\Qt\6.7.0\msvc2019_64\lib\Qt6QmlWorkerScript.prl
2026-07-04 00:57:23,572 - aqt.updater - INFO - updater 26104 Patching C:\Qt\6.7.0\msvc2019_64\lib\Qt6QmlWorkerScriptd.prl
2026-07-04 00:57:23,573 - aqt.updater - INFO - updater 26104 Patching C:\Qt\6.7.0\msvc2019_64\lib\Qt6QmlXmlListModel.prl
2026-07-04 00:57:23,573 - aqt.updater - INFO - updater 26104 Patching C:\Qt\6.7.0\msvc2019_64\lib\Qt6QmlXmlListModeld.prl
2026-07-04 00:57:23,574 - aqt.updater - INFO - updater 26104 Patching C:\Qt\6.7.0\msvc2019_64\lib\Qt6Quick.prl
2026-07-04 00:57:23,575 - aqt.updater - INFO - updater 26104 Patching C:\Qt\6.7.0\msvc2019_64\lib\Qt6QuickControls2.prl
2026-07-04 00:57:23,575 - aqt.updater - INFO - updater 26104 Patching C:\Qt\6.7.0\msvc2019_64\lib\Qt6QuickControls2Basic.prl
2026-07-04 00:57:23,576 - aqt.updater - INFO - updater 26104 Patching C:\Qt\6.7.0\msvc2019_64\lib\Qt6QuickControls2Basicd.prl
2026-07-04 00:57:23,576 - aqt.updater - INFO - updater 26104 Patching C:\Qt\6.7.0\msvc2019_64\lib\Qt6QuickControls2BasicStyleImpl.prl
2026-07-04 00:57:23,577 - aqt.updater - INFO - updater 26104 Patching C:\Qt\6.7.0\msvc2019_64\lib\Qt6QuickControls2BasicStyleImpld.prl
2026-07-04 00:57:23,577 - aqt.updater - INFO - updater 26104 Patching C:\Qt\6.7.0\msvc2019_64\lib\Qt6QuickControls2d.prl
2026-07-04 00:57:23,579 - aqt.updater - INFO - updater 26104 Patching C:\Qt\6.7.0\msvc2019_64\lib\Qt6QuickControls2Fusion.prl
2026-07-04 00:57:23,579 - aqt.updater - INFO - updater 26104 Patching C:\Qt\6.7.0\msvc2019_64\lib\Qt6QuickControls2Fusiond.prl
2026-07-04 00:57:23,580 - aqt.updater - INFO - updater 26104 Patching C:\Qt\6.7.0\msvc2019_64\lib\Qt6QuickControls2FusionStyleImpl.prl
2026-07-04 00:57:23,581 - aqt.updater - INFO - updater 26104 Patching C:\Qt\6.7.0\msvc2019_64\lib\Qt6QuickControls2FusionStyleImpld.prl
2026-07-04 00:57:23,581 - aqt.updater - INFO - updater 26104 Patching C:\Qt\6.7.0\msvc2019_64\lib\Qt6QuickControls2Imagine.prl
2026-07-04 00:57:23,582 - aqt.updater - INFO - updater 26104 Patching C:\Qt\6.7.0\msvc2019_64\lib\Qt6QuickControls2Imagined.prl
2026-07-04 00:57:23,582 - aqt.updater - INFO - updater 26104 Patching C:\Qt\6.7.0\msvc2019_64\lib\Qt6QuickControls2ImagineStyleImpl.prl
2026-07-04 00:57:23,583 - aqt.updater - INFO - updater 26104 Patching C:\Qt\6.7.0\msvc2019_64\lib\Qt6QuickControls2ImagineStyleImpld.prl
2026-07-04 00:57:23,583 - aqt.updater - INFO - updater 26104 Patching C:\Qt\6.7.0\msvc2019_64\lib\Qt6QuickControls2Impl.prl
2026-07-04 00:57:23,584 - aqt.updater - INFO - updater 26104 Patching C:\Qt\6.7.0\msvc2019_64\lib\Qt6QuickControls2Impld.prl
2026-07-04 00:57:23,584 - aqt.updater - INFO - updater 26104 Patching C:\Qt\6.7.0\msvc2019_64\lib\Qt6QuickControls2Material.prl
2026-07-04 00:57:23,585 - aqt.updater - INFO - updater 26104 Patching C:\Qt\6.7.0\msvc2019_64\lib\Qt6QuickControls2Materiald.prl
2026-07-04 00:57:23,585 - aqt.updater - INFO - updater 26104 Patching C:\Qt\6.7.0\msvc2019_64\lib\Qt6QuickControls2MaterialStyleImpl.prl
2026-07-04 00:57:23,586 - aqt.updater - INFO - updater 26104 Patching C:\Qt\6.7.0\msvc2019_64\lib\Qt6QuickControls2MaterialStyleImpld.prl
2026-07-04 00:57:23,587 - aqt.updater - INFO - updater 26104 Patching C:\Qt\6.7.0\msvc2019_64\lib\Qt6QuickControls2Universal.prl
2026-07-04 00:57:23,588 - aqt.updater - INFO - updater 26104 Patching C:\Qt\6.7.0\msvc2019_64\lib\Qt6QuickControls2Universald.prl
2026-07-04 00:57:23,588 - aqt.updater - INFO - updater 26104 Patching C:\Qt\6.7.0\msvc2019_64\lib\Qt6QuickControls2UniversalStyleImpl.prl
2026-07-04 00:57:23,589 - aqt.updater - INFO - updater 26104 Patching C:\Qt\6.7.0\msvc2019_64\lib\Qt6QuickControls2UniversalStyleImpld.prl
2026-07-04 00:57:23,589 - aqt.updater - INFO - updater 26104 Patching C:\Qt\6.7.0\msvc2019_64\lib\Qt6QuickControls2WindowsStyleImpl.prl
2026-07-04 00:57:23,590 - aqt.updater - INFO - updater 26104 Patching C:\Qt\6.7.0\msvc2019_64\lib\Qt6QuickControls2WindowsStyleImpld.prl
2026-07-04 00:57:23,591 - aqt.updater - INFO - updater 26104 Patching C:\Qt\6.7.0\msvc2019_64\lib\Qt6QuickControlsTestUtils.prl
2026-07-04 00:57:23,591 - aqt.updater - INFO - updater 26104 Patching C:\Qt\6.7.0\msvc2019_64\lib\Qt6QuickControlsTestUtilsd.prl
2026-07-04 00:57:23,592 - aqt.updater - INFO - updater 26104 Patching C:\Qt\6.7.0\msvc2019_64\lib\Qt6Quickd.prl
2026-07-04 00:57:23,592 - aqt.updater - INFO - updater 26104 Patching C:\Qt\6.7.0\msvc2019_64\lib\Qt6QuickDialogs2.prl
2026-07-04 00:57:23,594 - aqt.updater - INFO - updater 26104 Patching C:\Qt\6.7.0\msvc2019_64\lib\Qt6QuickDialogs2d.prl
2026-07-04 00:57:23,594 - aqt.updater - INFO - updater 26104 Patching C:\Qt\6.7.0\msvc2019_64\lib\Qt6QuickDialogs2QuickImpl.prl
2026-07-04 00:57:23,595 - aqt.updater - INFO - updater 26104 Patching C:\Qt\6.7.0\msvc2019_64\lib\Qt6QuickDialogs2QuickImpld.prl
2026-07-04 00:57:23,595 - aqt.updater - INFO - updater 26104 Patching C:\Qt\6.7.0\msvc2019_64\lib\Qt6QuickDialogs2Utils.prl
2026-07-04 00:57:23,596 - aqt.updater - INFO - updater 26104 Patching C:\Qt\6.7.0\msvc2019_64\lib\Qt6QuickDialogs2Utilsd.prl
2026-07-04 00:57:23,597 - aqt.updater - INFO - updater 26104 Patching C:\Qt\6.7.0\msvc2019_64\lib\Qt6QuickEffects.prl
2026-07-04 00:57:23,597 - aqt.updater - INFO - updater 26104 Patching C:\Qt\6.7.0\msvc2019_64\lib\Qt6QuickEffectsd.prl
2026-07-04 00:57:23,598 - aqt.updater - INFO - updater 26104 Patching C:\Qt\6.7.0\msvc2019_64\lib\Qt6QuickLayouts.prl
2026-07-04 00:57:23,598 - aqt.updater - INFO - updater 26104 Patching C:\Qt\6.7.0\msvc2019_64\lib\Qt6QuickLayoutsd.prl
2026-07-04 00:57:23,599 - aqt.updater - INFO - updater 26104 Patching C:\Qt\6.7.0\msvc2019_64\lib\Qt6QuickParticles.prl
2026-07-04 00:57:23,600 - aqt.updater - INFO - updater 26104 Patching C:\Qt\6.7.0\msvc2019_64\lib\Qt6QuickParticlesd.prl
2026-07-04 00:57:23,600 - aqt.updater - INFO - updater 26104 Patching C:\Qt\6.7.0\msvc2019_64\lib\Qt6QuickShapes.prl
2026-07-04 00:57:23,601 - aqt.updater - INFO - updater 26104 Patching C:\Qt\6.7.0\msvc2019_64\lib\Qt6QuickShapesd.prl
2026-07-04 00:57:23,602 - aqt.updater - INFO - updater 26104 Patching C:\Qt\6.7.0\msvc2019_64\lib\Qt6QuickTemplates2.prl
2026-07-04 00:57:23,602 - aqt.updater - INFO - updater 26104 Patching C:\Qt\6.7.0\msvc2019_64\lib\Qt6QuickTemplates2d.prl
2026-07-04 00:57:23,602 - aqt.updater - INFO - updater 26104 Patching C:\Qt\6.7.0\msvc2019_64\lib\Qt6QuickTest.prl
2026-07-04 00:57:23,603 - aqt.updater - INFO - updater 26104 Patching C:\Qt\6.7.0\msvc2019_64\lib\Qt6QuickTestd.prl
2026-07-04 00:57:23,603 - aqt.updater - INFO - updater 26104 Patching C:\Qt\6.7.0\msvc2019_64\lib\Qt6QuickTestUtils.prl
2026-07-04 00:57:23,604 - aqt.updater - INFO - updater 26104 Patching C:\Qt\6.7.0\msvc2019_64\lib\Qt6QuickTestUtilsd.prl
2026-07-04 00:57:23,604 - aqt.updater - INFO - updater 26104 Patching C:\Qt\6.7.0\msvc2019_64\lib\Qt6QuickWidgets.prl
2026-07-04 00:57:23,605 - aqt.updater - INFO - updater 26104 Patching C:\Qt\6.7.0\msvc2019_64\lib\Qt6QuickWidgetsd.prl
2026-07-04 00:57:23,606 - aqt.updater - INFO - updater 26104 Patching C:\Qt\6.7.0\msvc2019_64\lib\Qt6Sql.prl
2026-07-04 00:57:23,606 - aqt.updater - INFO - updater 26104 Patching C:\Qt\6.7.0\msvc2019_64\lib\Qt6Sqld.prl
2026-07-04 00:57:23,607 - aqt.updater - INFO - updater 26104 Patching C:\Qt\6.7.0\msvc2019_64\lib\Qt6Svg.prl
2026-07-04 00:57:23,607 - aqt.updater - INFO - updater 26104 Patching C:\Qt\6.7.0\msvc2019_64\lib\Qt6Svgd.prl
2026-07-04 00:57:23,607 - aqt.updater - INFO - updater 26104 Patching C:\Qt\6.7.0\msvc2019_64\lib\Qt6SvgWidgets.prl
2026-07-04 00:57:23,608 - aqt.updater - INFO - updater 26104 Patching C:\Qt\6.7.0\msvc2019_64\lib\Qt6SvgWidgetsd.prl
2026-07-04 00:57:23,608 - aqt.updater - INFO - updater 26104 Patching C:\Qt\6.7.0\msvc2019_64\lib\Qt6Test.prl
2026-07-04 00:57:23,609 - aqt.updater - INFO - updater 26104 Patching C:\Qt\6.7.0\msvc2019_64\lib\Qt6Testd.prl
2026-07-04 00:57:23,609 - aqt.updater - INFO - updater 26104 Patching C:\Qt\6.7.0\msvc2019_64\lib\Qt6UiTools.prl
2026-07-04 00:57:23,610 - aqt.updater - INFO - updater 26104 Patching C:\Qt\6.7.0\msvc2019_64\lib\Qt6UiToolsd.prl
2026-07-04 00:57:23,610 - aqt.updater - INFO - updater 26104 Patching C:\Qt\6.7.0\msvc2019_64\lib\Qt6Widgets.prl
2026-07-04 00:57:23,610 - aqt.updater - INFO - updater 26104 Patching C:\Qt\6.7.0\msvc2019_64\lib\Qt6Widgetsd.prl
2026-07-04 00:57:23,611 - aqt.updater - INFO - updater 26104 Patching C:\Qt\6.7.0\msvc2019_64\lib\Qt6Xml.prl
2026-07-04 00:57:23,611 - aqt.updater - INFO - updater 26104 Patching C:\Qt\6.7.0\msvc2019_64\lib\Qt6Xmld.prl
2026-07-04 00:57:23,612 - aqt.main - INFO - installer 26104 Finished installation
2026-07-04 00:57:23,612 - aqt.main - INFO - installer 26104 Time elapsed: 102.67315660 second
